Removed Pin From Net: NetName=NetD3_1 Pin=R3-1
Removed Pin From Net: NetName=GND Pin=R3-2
Removed Pin From Net: NetName=NetD4_1 Pin=R4-1
Removed Pin From Net: NetName=NetD5_1 Pin=R5-1
Removed Pin From Net: NetName=NetR6_1 Pin=R6-1
Removed Pin From Net: NetName=SW1 Pin=R6-2
Removed Pin From Net: NetName=SW2 Pin=R8-2
Removed Pin From Net: NetName=SW3 Pin=R10-2
Removed Pin From Net: NetName=POWER_LED Pin=R11-1
Removed Pin From Net: NetName=Potmeter Pin=R12-2
Removed Pin From Net: NetName=GND Pin=R12-3
Removed Pin From Net: NetName=GND Pin=R12-4
Removed Pin From Net: NetName=GND Pin=R12-5
Removed Pin From Net: NetName=POWER_LED Pin=R13-1
Removed Pin From Net: NetName=GND Pin=R13-3
Removed Member From Class: ClassName=Knapper og leds Member=R13
Change Component Footprint: Designator=R6 Old Footprint=FP-CRCW0805-e3-IPC_A New Footprint=RESC2013X70X40NL20T20
Change Component Footprint: Designator=R12 Old Footprint=FP-PTV09A-4-MFG New Footprint=FP-CRCW0805-e3-IPC_A
Change Component Footprint: Designator=R3 Old Footprint=RESC2013X70X40NL20T20 New Footprint=FP-PTV09A-4-MFG
Change Component Comment : Designator=R6 Old Comment=CRCW080510K0FKEA New Comment=ERJ6ENF56R0V
Change Component Comment : Designator=R3 Old Comment=ERJ6ENF56R0V New Comment=PTV09A-4225F-B103
Change Component Comment : Designator=R12 Old Comment=PTV09A-4225F-B103 New Comment=CRCW080510K0FKEA
Change Managed Component Library Link : Designator=R3 Old VaultGUID=B7D15EC3-160A-466F-A46C-7801FE6295A7 New VaultGUID=B7D15EC3-160A-466F-A46C-7801FE6295A7 Old ItemGUID=F9D050CB-1AD6-4DF6-980E-A00A22B59608 New ItemGUID=7C426439-7140-47E7-A246-6B2828E48678 Old RevisionGUID=6130343C-99ED-4A5F-B255-AB6E43863EF9 New RevisionGUID=70FF762F-03DC-4E5B-99DF-092453FF1B0B
Change Managed Component Library Link : Designator=R6 Old VaultGUID=B7D15EC3-160A-466F-A46C-7801FE6295A7 New VaultGUID=B7D15EC3-160A-466F-A46C-7801FE6295A7 Old ItemGUID=18A6103D-484F-4EFD-9A86-4EC2EBA62D2F New ItemGUID=F9D050CB-1AD6-4DF6-980E-A00A22B59608 Old RevisionGUID=BB5FF57E-59B3-460F-9D81-DEC85E8540F4 New RevisionGUID=6130343C-99ED-4A5F-B255-AB6E43863EF9
Change Managed Component Library Link : Designator=R12 Old VaultGUID=B7D15EC3-160A-466F-A46C-7801FE6295A7 New VaultGUID=B7D15EC3-160A-466F-A46C-7801FE6295A7 Old ItemGUID=7C426439-7140-47E7-A246-6B2828E48678 New ItemGUID=18A6103D-484F-4EFD-9A86-4EC2EBA62D2F Old RevisionGUID=70FF762F-03DC-4E5B-99DF-092453FF1B0B New RevisionGUID=BB5FF57E-59B3-460F-9D81-DEC85E8540F4
Change component parameters: Designator = "R3" ("R3"); Footprint = "RESC2013X70X40NL20T20"; UniqueID = "\XBVQMRPC" ("\XBVQMRPC")
Change component parameters (AddParameter): Name = "Actuator Diameter"; Value = "0.236inch"; VariantName = "[No Variations]"
Change component parameters (AddParameter): Name = "Actuator Length"; Value = "0.984inch"; VariantName = "[No Variations]"
Change component parameters (AddParameter): Name = "Depth"; Value = "12.5mm"; VariantName = "[No Variations]"
Change component parameters (AddParameter): Name = "Height"; Value = "12.5mm"; VariantName = "[No Variations]"
Change component parameters (AddParameter): Name = "Hole Diameter"; Value = "9.1mm"; VariantName = "[No Variations]"
Change component parameters (AddParameter): Name = "Length"; Value = "11.4mm"; VariantName = "[No Variations]"
Change component parameters (AddParameter): Name = "Max Operating Temperature"; Value = "50°C"; VariantName = "[No Variations]"
Change component parameters (AddParameter): Name = "Max Power Dissipation"; Value = "50mW"; VariantName = "[No Variations]"
Change component parameters (AddParameter): Name = "Military Standard"; Value = "Not"; VariantName = "[No Variations]"
Change component parameters (AddParameter): Name = "Min Operating Temperature"; Value = "-10°C"; VariantName = "[No Variations]"
Change component parameters (AddParameter): Name = "Mount"; Value = "Through Hole"; VariantName = "[No Variations]"
Change component parameters (AddParameter): Name = "Number of Gangs"; Value = "1"; VariantName = "[No Variations]"
Change component parameters (AddParameter): Name = "Number of Turns"; Value = "1"; VariantName = "[No Variations]"
Change component parameters (AddParameter): Name = "Package Quantity"; Value = "100"; VariantName = "[No Variations]"
Change component parameters (AddParameter): Name = "Packaging"; Value = "Bulk"; VariantName = "[No Variations]"
Change component parameters (AddParameter): Name = "Power Rating"; Value = "50mW"; VariantName = "[No Variations]"
Change component parameters (AddParameter): Name = "Radiation Hardening"; Value = "No"; VariantName = "[No Variations]"
Change component parameters (AddParameter): Name = "REACH SVHC"; Value = "No SVHC"; VariantName = "[No Variations]"
Change component parameters (AddParameter): Name = "Resistance"; Value = "10kR"; VariantName = "[No Variations]"
Change component parameters (AddParameter): Name = "Resistance Tolerance"; Value = "20%"; VariantName = "[No Variations]"
Change component parameters (AddParameter): Name = "Resistor Type"; Value = "Carbon"; VariantName = "[No Variations]"
Change component parameters (AddParameter): Name = "RoHS Compliant"; Value = "Yes"; VariantName = "[No Variations]"
Change component parameters (AddParameter): Name = "Series"; Value = "Pro Audio PTV09"; VariantName = "[No Variations]"
Change component parameters (AddParameter): Name = "Taper"; Value = "Linear"; VariantName = "[No Variations]"
Change component parameters (AddParameter): Name = "Technology"; Value = "CARBON FILM"; VariantName = "[No Variations]"
Change component parameters (AddParameter): Name = "Termination"; Value = "PCB"; VariantName = "[No Variations]"
Change component parameters (AddParameter): Name = "Tolerance"; Value = "20%"; VariantName = "[No Variations]"
Change component parameters (AddParameter): Name = "Type"; Value = "Potentiometer"; VariantName = "[No Variations]"
Change component parameters: Designator = "R6" ("R6"); Footprint = "FP-CRCW0805-e3-IPC_A"; UniqueID = "\CZDACSPB" ("\CZDACSPB")
Change component parameters (AddParameter): Name = "Manufacturer"; Value = "Panasonic"; VariantName = "[No Variations]"
Change component parameters (AddParameter): Name = "Part Number"; Value = "ERJ6ENF56R0V"; VariantName = "[No Variations]"
Change component parameters: Designator = "R12" ("R12"); Footprint = "FP-PTV09A-4-MFG"; UniqueID = "\JIFIWMAA" ("\JIFIWMAA")
Change component parameters (AddParameter): Name = "Case Code (Imperial)"; Value = "0805"; VariantName = "[No Variations]"
Change component parameters (AddParameter): Name = "Case Code (Metric)"; Value = "2012"; VariantName = "[No Variations]"
Change component parameters (AddParameter): Name = "Case/Package"; Value = "0805"; VariantName = "[No Variations]"
Change component parameters (AddParameter): Name = "Composition"; Value = "Thick Film"; VariantName = "[No Variations]"
Change component parameters (AddParameter): Name = "Contact Plating"; Value = "Tin"; VariantName = "[No Variations]"
Change component parameters (AddParameter): Name = "Depth"; Value = "1.25mm"; VariantName = "[No Variations]"
Change component parameters (AddParameter): Name = "Height"; Value = "0.45mm"; VariantName = "[No Variations]"
Change component parameters (AddParameter): Name = "Lead Free"; Value = "Lead Free"; VariantName = "[No Variations]"
Change component parameters (AddParameter): Name = "Length"; Value = "2mm"; VariantName = "[No Variations]"
Change component parameters (AddParameter): Name = "Max Operating Temperature"; Value = "155°C"; VariantName = "[No Variations]"
Change component parameters (AddParameter): Name = "Military Standard"; Value = "Not"; VariantName = "[No Variations]"
Change component parameters (AddParameter): Name = "Min Operating Temperature"; Value = "-55°C"; VariantName = "[No Variations]"
Change component parameters (AddParameter): Name = "Package Quantity"; Value = "5000"; VariantName = "[No Variations]"
Change component parameters (AddParameter): Name = "Packaging"; Value = "Tape and Reel"; VariantName = "[No Variations]"
Change component parameters (AddParameter): Name = "Power Rating"; Value = "125mW"; VariantName = "[No Variations]"
Change component parameters (AddParameter): Name = "Radiation Hardening"; Value = "No"; VariantName = "[No Variations]"
Change component parameters (AddParameter): Name = "Resistance"; Value = "10kR"; VariantName = "[No Variations]"
Change component parameters (AddParameter): Name = "Temperature Coefficient"; Value = "100ppm/°C"; VariantName = "[No Variations]"
Change component parameters (AddParameter): Name = "Termination"; Value = "SMD/SMT"; VariantName = "[No Variations]"
Change component parameters (AddParameter): Name = "Tolerance"; Value = "1%"; VariantName = "[No Variations]"
Change component parameters (AddParameter): Name = "Voltage Rating"; Value = "150V"; VariantName = "[No Variations]"
Change component parameters (AddParameter): Name = "Voltage Rating (DC)"; Value = "150V"; VariantName = "[No Variations]"
Change component parameters (AddParameter): Name = "Weight"; Value = "0.000194oz"; VariantName = "[No Variations]"
Change component parameters (AddParameter): Name = "Width"; Value = "1.25mm"; VariantName = "[No Variations]"
Added Pin To Net: NetName=POWER_LED Pin=R3-1
Added Pin To Net: NetName=Potmeter Pin=R3-2
Added Pin To Net: NetName=GND Pin=R3-3
Added Pin To Net: NetName=GND Pin=R3-4
Added Pin To Net: NetName=GND Pin=R3-5
Added Pin To Net: NetName=NetD3_1 Pin=R4-1
Added Pin To Net: NetName=NetD4_1 Pin=R5-1
Added Pin To Net: NetName=NetD5_1 Pin=R6-1
Added Pin To Net: NetName=GND Pin=R6-2
Added Pin To Net: NetName=POWER_LED Pin=R8-1
Added Pin To Net: NetName=NetR6_1 Pin=R10-1
Added Pin To Net: NetName=SW1 Pin=R10-2
Added Pin To Net: NetName=SW2 Pin=R11-2
Added Pin To Net: NetName=SW3 Pin=R12-2
Change Net Name : Old Net Name=NetR6_1 New Net Name=NetR7_2
Added Pin To Net: NetName=NetR8_2 Pin=R8-2
Added Pin To Net: NetName=NetR8_2 Pin=R11-1
Added Pin To Net: NetName=NetR8_2 Pin=SW2-1
Added Pin To Net: NetName=NetR8_2 Pin=SW2-2
Added Net: Name=NetR8_2
Added Pin To Net: NetName=NetR9_2 Pin=R9-2
Added Pin To Net: NetName=NetR9_2 Pin=R12-1
Added Pin To Net: NetName=NetR9_2 Pin=SW3-1
Added Pin To Net: NetName=NetR9_2 Pin=SW3-2
Added Net: Name=NetR9_2
