Removed Pin From Net: NetName=POWER_LED Pin=J1-1
Removed Pin From Net: NetName=Potmeter Pin=J1-2
Removed Pin From Net: NetName=LED3 Pin=J1-3
Removed Pin From Net: NetName=LED2 Pin=J1-4
Removed Pin From Net: NetName=LED1 Pin=J1-5
Removed Pin From Net: NetName=LED0 Pin=J1-6
Removed Pin From Net: NetName=SW3 Pin=J1-7
Removed Pin From Net: NetName=SW2 Pin=J1-8
Removed Pin From Net: NetName=SW1 Pin=J1-9
Removed Pin From Net: NetName=GND Pin=J1-10
Removed Pin From Net: NetName=GND Pin=R13-1
Removed Pin From Net: NetName=Potmeter Pin=R13-2
Removed Member From Class: ClassName=Knapper og leds Member=R13
Added Pin To Net: NetName=GND Pin=J1-1
Added Pin To Net: NetName=SW1 Pin=J1-2
Added Pin To Net: NetName=SW2 Pin=J1-3
Added Pin To Net: NetName=SW3 Pin=J1-4
Added Pin To Net: NetName=LED0 Pin=J1-5
Added Pin To Net: NetName=LED1 Pin=J1-6
Added Pin To Net: NetName=LED2 Pin=J1-7
Added Pin To Net: NetName=LED3 Pin=J1-8
Added Pin To Net: NetName=Potmeter Pin=J1-9
Added Pin To Net: NetName=POWER_LED Pin=J1-10
Added Pin To Net: NetName=Potmeter Pin=R6-2
